0 info it worked if it ends with ok
1 verbose cli [ '/usr/bin/nodejs', '/usr/bin/npm', 'run', 'package' ]
2 info using npm@3.5.2
3 info using node@v4.2.6
4 verbose run-script [ 'prepackage', 'package', 'postpackage' ]
5 info lifecycle keepchinanet@0.1.0~prepackage: keepchinanet@0.1.0
6 silly lifecycle keepchinanet@0.1.0~prepackage: no script for prepackage, continuing
7 info lifecycle keepchinanet@0.1.0~package: keepchinanet@0.1.0
8 verbose lifecycle keepchinanet@0.1.0~package: unsafe-perm in lifecycle true
9 verbose lifecycle keepchinanet@0.1.0~package: PATH: /usr/share/npm/bin/node-gyp-bin:/home/moogle/betacat/electronapps/keepchinanet/node_modules/.bin:/usr/local/sbin:/usr/local/bin:/usr/sbin:/usr/bin:/sbin:/bin:/usr/games:/usr/local/games:/snap/bin
10 verbose lifecycle keepchinanet@0.1.0~package: CWD: /home/moogle/betacat/electronapps/keepchinanet
11 silly lifecycle keepchinanet@0.1.0~package: Args: [ '-c',
11 silly lifecycle   'ELECTRON_MIRROR=http://npm.taobao.org/mirrors/electron/ electron-packager ./ keepchinanet --overwrite --app-version=1.0.0 --platform=win32 --arch=all --out=../keepchinanet --version=1.2.1 --icon=./img/chicken.png' ]
12 silly lifecycle keepchinanet@0.1.0~package: Returned: code: 1  signal: null
13 info lifecycle keepchinanet@0.1.0~package: Failed to exec package script
14 verbose stack Error: keepchinanet@0.1.0 package: `ELECTRON_MIRROR=http://npm.taobao.org/mirrors/electron/ electron-packager ./ keepchinanet --overwrite --app-version=1.0.0 --platform=win32 --arch=all --out=../keepchinanet --version=1.2.1 --icon=./img/chicken.png`
14 verbose stack Exit status 1
14 verbose stack     at EventEmitter.<anonymous> (/usr/share/npm/lib/utils/lifecycle.js:232:16)
14 verbose stack     at emitTwo (events.js:87:13)
14 verbose stack     at EventEmitter.emit (events.js:172:7)
14 verbose stack     at ChildProcess.<anonymous> (/usr/share/npm/lib/utils/spawn.js:24:14)
14 verbose stack     at emitTwo (events.js:87:13)
14 verbose stack     at ChildProcess.emit (events.js:172:7)
14 verbose stack     at maybeClose (internal/child_process.js:821:16)
14 verbose stack     at Process.ChildProcess._handle.onexit (internal/child_process.js:211:5)
15 verbose pkgid keepchinanet@0.1.0
16 verbose cwd /home/moogle/betacat/electronapps/keepchinanet
17 error Linux 4.4.0-31-generic
18 error argv "/usr/bin/nodejs" "/usr/bin/npm" "run" "package"
19 error node v4.2.6
20 error npm  v3.5.2
21 error code ELIFECYCLE
22 error keepchinanet@0.1.0 package: `ELECTRON_MIRROR=http://npm.taobao.org/mirrors/electron/ electron-packager ./ keepchinanet --overwrite --app-version=1.0.0 --platform=win32 --arch=all --out=../keepchinanet --version=1.2.1 --icon=./img/chicken.png`
22 error Exit status 1
23 error Failed at the keepchinanet@0.1.0 package script 'ELECTRON_MIRROR=http://npm.taobao.org/mirrors/electron/ electron-packager ./ keepchinanet --overwrite --app-version=1.0.0 --platform=win32 --arch=all --out=../keepchinanet --version=1.2.1 --icon=./img/chicken.png'.
23 error Make sure you have the latest version of node.js and npm installed.
23 error If you do, this is most likely a problem with the keepchinanet package,
23 error not with npm itself.
23 error Tell the author that this fails on your system:
23 error     ELECTRON_MIRROR=http://npm.taobao.org/mirrors/electron/ electron-packager ./ keepchinanet --overwrite --app-version=1.0.0 --platform=win32 --arch=all --out=../keepchinanet --version=1.2.1 --icon=./img/chicken.png
23 error You can get information on how to open an issue for this project with:
23 error     npm bugs keepchinanet
23 error Or if that isn't available, you can get their info via:
23 error     npm owner ls keepchinanet
23 error There is likely additional logging output above.
24 verbose exit [ 1, true ]
